\BOOKMARK [-1][-]{part.1}{I Objectifs du projet}{}% 1
\BOOKMARK [0][-]{section.0.1}{Pr\351sentation du concept}{part.1}% 2
\BOOKMARK [1][-]{section.0.2}{Cahier des charges}{section.0.1}% 3
\BOOKMARK [1][-]{section.0.3}{Exemples du jeux publi\351s}{section.0.1}% 4
\BOOKMARK [-1][-]{part.2}{II Fonctionnalit\351s impl\351ment\351s}{}% 5
\BOOKMARK [0][-]{section.0.4}{Mode solo}{part.2}% 6
\BOOKMARK [1][-]{section.0.5}{Mode multijoueur}{section.0.4}% 7
\BOOKMARK [2][-]{subsection.0.5.1}{Joueur vs Intelligence artificielle}{section.0.5}% 8
\BOOKMARK [2][-]{subsection.0.5.2}{Joueur vs Joueur en local}{section.0.5}% 9
\BOOKMARK [2][-]{subsection.0.5.3}{Joueur vs Joueur en ligne}{section.0.5}% 10
\BOOKMARK [-1][-]{part.3}{III \311l\351ments techniques}{}% 11
\BOOKMARK [0][-]{section.0.6}{Les pi\350ces}{part.3}% 12
\BOOKMARK [1][-]{section.0.7}{La grille}{section.0.6}% 13
\BOOKMARK [1][-]{section.0.8}{L'al\351atoire}{section.0.6}% 14
\BOOKMARK [1][-]{section.0.9}{L'intelligence artificielle}{section.0.6}% 15
\BOOKMARK [1][-]{section.0.10}{Le r\351seau}{section.0.6}% 16
\BOOKMARK [1][-]{section.0.11}{L'interface graphique}{section.0.6}% 17
\BOOKMARK [2][-]{subsection.0.11.1}{Le menu}{section.0.11}% 18
\BOOKMARK [2][-]{subsection.0.11.2}{Gameplay}{section.0.11}% 19
\BOOKMARK [-1][-]{part.4}{IV Exp\351rimentations et usages}{}% 20
\BOOKMARK [0][-]{section.0.12}{Manuel d'utilisation}{part.4}% 21
\BOOKMARK [1][-]{section.0.13}{Capture \351crans}{section.0.12}% 22
\BOOKMARK [1][-]{section.0.14}{Mesures de performance}{section.0.12}% 23
\BOOKMARK [2][-]{subsection.0.14.1}{Interfaces graphiques}{section.0.14}% 24
\BOOKMARK [2][-]{subsection.0.14.2}{Effet sonore}{section.0.14}% 25
\BOOKMARK [-1][-]{part.5}{V Architecture du projet}{}% 26
\BOOKMARK [0][-]{section.0.15}{Diagrammes des classes}{part.5}% 27
\BOOKMARK [1][-]{section.0.16}{Arborescences des dossiers}{section.0.15}% 28
\BOOKMARK [1][-]{section.0.17}{Modules utilis\351s}{section.0.15}% 29
\BOOKMARK [-1][-]{part.6}{VI Organisation}{}% 30
\BOOKMARK [-1][-]{part.7}{VII Conclusion}{}% 31
